<?xml version="1.0" encoding="UTF-8"?>
<testng-results ignored="0" total="1" passed="1" failed="0" skipped="0">
  <reporter-output>
  </reporter-output>
  <suite started-at="2023-08-21T08:53:48Z" name="My Selenium Test Automation Test Suite" finished-at="2023-08-21T08:54:06Z" duration-ms="18417">
    <groups>
    </groups>
    <test started-at="2023-08-21T08:53:48Z" name="Demo App Test Cases" finished-at="2023-08-21T08:54:06Z" duration-ms="18417">
      <class name="com.demo.testCases.AddNewCustomerTest">
        <test-method is-config="true" signature="setup(java.lang.String)[pri:0, instance:com.demo.testCases.AddNewCustomerTest@147ed70f]" started-at="2023-08-21T14:23:48Z" name="setup" finished-at="2023-08-21T14:23:53Z" duration-ms="4938" status="PASS">
          <params>
            <param index="0">
              <value>
                <![CDATA[Chrome]]>
              </value>
            </param>
          </params>
          <reporter-output>
          </reporter-output>
        </test-method> <!-- setup -->
        <test-method signature="AddNewCustomer()[pri:0, instance:com.demo.testCases.AddNewCustomerTest@147ed70f]" started-at="2023-08-21T14:23:53Z" name="AddNewCustomer" finished-at="2023-08-21T14:24:06Z" duration-ms="12916" status="PASS">
          <reporter-output>
          </reporter-output>
        </test-method> <!-- AddNewCustomer -->
        <test-method is-config="true" signature="tearDown()[pri:0, instance:com.demo.testCases.AddNewCustomerTest@147ed70f]" started-at="2023-08-21T14:24:06Z" name="tearDown" finished-at="2023-08-21T14:24:06Z" duration-ms="334" status="PASS">
          <reporter-output>
          </reporter-output>
        </test-method> <!-- tearDown -->
      </class> <!-- com.demo.testCases.AddNewCustomerTest -->
    </test> <!-- Demo App Test Cases -->
  </suite> <!-- My Selenium Test Automation Test Suite -->
</testng-results>
